0 info it worked if it ends with ok
1 verbose cli [ 'D:\\nodejs\\node.exe',
1 verbose cli   'D:\\nodejs\\node_modules\\npm\\bin\\npm-cli.js',
1 verbose cli   'start' ]
2 info using npm@3.6.0
3 info using node@v5.6.0
4 verbose run-script [ 'prestart', 'start', 'poststart' ]
5 info lifecycle Controller@0.0.0~prestart: Controller@0.0.0
6 silly lifecycle Controller@0.0.0~prestart: no script for prestart, continuing
7 info lifecycle Controller@0.0.0~start: Controller@0.0.0
8 verbose lifecycle Controller@0.0.0~start: unsafe-perm in lifecycle true
9 verbose lifecycle Controller@0.0.0~start: PATH: D:\nodejs\node_modules\npm\bin\node-gyp-bin;C:\Users\Administrator\Desktop\Controller\node_modules\.bin;C:\Users\Administrator\AppData\Roaming\npm;D:\nodejs\;C:\Windows\system32;C:\Windows;C:\Windows\System32\Wbem;C:\Windows\System32\WindowsPowerShell\v1.0\;C:\Program Files\Java\jdk1.6.0_45\bin;C:\Program Files\Java\jdk1.6.0_45\jre\bin;C:\Program Files\TortoiseSVN\bin;C:\Program Files\Java\jdk1.6.0_45\bin;C:\Program Files\Apache Software Foundation\Tomcat 6.0\lib;C:\Program Files\Apache Software Foundation\Tomcat 6.0\bin;C:\Program Files (x86)\Intel\OpenCL SDK\3.0\bin\x86;C:\Program Files (x86)\Intel\OpenCL SDK\3.0\bin\x64;C:\Program Files (x86)\Common Files\Thunder Network\KanKan\Codecs;D:\Program Files (x86)\Heroku\bin;C:\Program Files (x86)\git\cmd;D:\Go\bin;D:\nodejs\;C:\Users\Administrator\AppData\Roaming\npm
10 verbose lifecycle Controller@0.0.0~start: CWD: C:\Users\Administrator\Desktop\Controller
11 silly lifecycle Controller@0.0.0~start: Args: [ '/d /s /c', 'node ./bin/www' ]
12 silly lifecycle Controller@0.0.0~start: Returned: code: 1  signal: null
13 info lifecycle Controller@0.0.0~start: Failed to exec start script
14 verbose stack Error: Controller@0.0.0 start: `node ./bin/www`
14 verbose stack Exit status 1
14 verbose stack     at EventEmitter.<anonymous> (D:\nodejs\node_modules\npm\lib\utils\lifecycle.js:232:16)
14 verbose stack     at emitTwo (events.js:100:13)
14 verbose stack     at EventEmitter.emit (events.js:185:7)
14 verbose stack     at ChildProcess.<anonymous> (D:\nodejs\node_modules\npm\lib\utils\spawn.js:24:14)
14 verbose stack     at emitTwo (events.js:100:13)
14 verbose stack     at ChildProcess.emit (events.js:185:7)
14 verbose stack     at maybeClose (internal/child_process.js:827:16)
14 verbose stack     at Process.ChildProcess._handle.onexit (internal/child_process.js:211:5)
15 verbose pkgid Controller@0.0.0
16 verbose cwd C:\Users\Administrator\Desktop\Controller
17 error Windows_NT 6.1.7601
18 error argv "D:\\nodejs\\node.exe" "D:\\nodejs\\node_modules\\npm\\bin\\npm-cli.js" "start"
19 error node v5.6.0
20 error npm  v3.6.0
21 error code ELIFECYCLE
22 error Controller@0.0.0 start: `node ./bin/www`
22 error Exit status 1
23 error Failed at the Controller@0.0.0 start script 'node ./bin/www'.
23 error Make sure you have the latest version of node.js and npm installed.
23 error If you do, this is most likely a problem with the Controller package,
23 error not with npm itself.
23 error Tell the author that this fails on your system:
23 error     node ./bin/www
23 error You can get information on how to open an issue for this project with:
23 error     npm bugs Controller
23 error Or if that isn't available, you can get their info via:
23 error     npm owner ls Controller
23 error There is likely additional logging output above.
24 verbose exit [ 1, true ]
